<?xml version="1.0" encoding="UTF-8"?>
<!-- Generated by org.testng.reporters.JUnitReportReporter -->
<testsuite hostname="Lalat_Chintu" failures="0" tests="3" name="com.testng.Testcases.TestCases" time="18.151" errors="0" timestamp="2024-11-25T13:35:39 IST" skipped="0">
  <testcase classname="com.testng.Testcases.TestCases" name="search" time="9.210"/>
  <system-out/>
  <testcase classname="com.testng.Testcases.TestCases" name="validateCheckbox" time="2.832"/>
  <system-out/>
  <testcase classname="com.testng.Testcases.TestCases" name="validateValue" time="6.109"/>
  <system-out/>
</testsuite> <!-- com.testng.Testcases.TestCases -->
